PLINK v1.90b3.31 64-bit (3 Feb 2016)
Options in effect:
  --allow-no-sex
  --bfile /home/ciaran/completed_big_matrix_binary_new_snps_ids
  --clump mlma_results_1_in_1_in.gsorted
  --clump-kb 100
  --clump-p1 0.005
  --clump-p2 0.01
  --clump-r2 0.1
  --out mlma_results_clumped_1_in_1_try
  --pheno /home/ciaran/arabadopsis/phenotypes/values_FT16.8424.80.del
  --prune
  --threads 16

Hostname: pg3
Working directory: /external_storage/ciaran/machine_learning2
Start time: Wed Feb 23 13:02:07 2022

Random number seed: 1645621327
1029912 MB RAM detected; reserving 514956 MB for main workspace.
10709465 variants loaded from .bim file.
2029 people (2029 males, 0 females) loaded from .fam.
1021 phenotype values present after --pheno.
--prune: 1021 people remaining.
Using 1 thread (no multithreaded calculations invoked.
Before main variant filters, 1021 founders and 0 nonfounders present.
Calculating allele frequencies... done.
10709465 variants and 1021 people pass filters and QC.
Phenotype data is quantitative.
Error: Failed to open mlma_results_1_in_1_in.gsorted.

End time: Wed Feb 23 13:02:19 2022
